<?xml version="1.0" encoding="UTF-8"?>
<testsuite name="com.capstone3.showbee.ShowbeeApplicationTests" tests="1" skipped="0" failures="0" errors="0" timestamp="2022-05-24T06:38:41" hostname="HaJihyeonui-MacBookPro.local" time="0.113">
  <properties/>
  <testcase name="contextLoads()" classname="com.capstone3.showbee.ShowbeeApplicationTests" time="0.113"/>
  <system-out><![CDATA[15:38:38.102 [Test worker] DEBUG org.springframework.test.context.BootstrapUtils - Instantiating CacheAwareContextLoaderDelegate from class [org.springframework.test.context.cache.DefaultCacheAwareContextLoaderDelegate]
15:38:38.109 [Test worker] DEBUG org.springframework.test.context.BootstrapUtils - Instantiating BootstrapContext using constructor [public org.springframework.test.context.support.DefaultBootstrapContext(java.lang.Class,org.springframework.test.context.CacheAwareContextLoaderDelegate)]
15:38:38.136 [Test worker] DEBUG org.springframework.test.context.BootstrapUtils - Instantiating TestContextBootstrapper for test class [com.capstone3.showbee.ShowbeeApplicationTests] from class [org.springframework.boot.test.context.SpringBootTestContextBootstrapper]
15:38:38.143 [Test worker] INFO org.springframework.boot.test.context.SpringBootTestContextBootstrapper - Neither @ContextConfiguration nor @ContextHierarchy found for test class [com.capstone3.showbee.ShowbeeApplicationTests], using SpringBootContextLoader
15:38:38.145 [Test worker] DEBUG org.springframework.test.context.support.AbstractContextLoader - Did not detect default resource location for test class [com.capstone3.showbee.ShowbeeApplicationTests]: class path resource [com/capstone3/showbee/ShowbeeApplicationTests-context.xml] does not exist
15:38:38.145 [Test worker] DEBUG org.springframework.test.context.support.AbstractContextLoader - Did not detect default resource location for test class [com.capstone3.showbee.ShowbeeApplicationTests]: class path resource [com/capstone3/showbee/ShowbeeApplicationTestsContext.groovy] does not exist
15:38:38.145 [Test worker] INFO org.springframework.test.context.support.AbstractContextLoader - Could not detect default resource locations for test class [com.capstone3.showbee.ShowbeeApplicationTests]: no resource found for suffixes {-context.xml, Context.groovy}.
15:38:38.146 [Test worker] INFO org.springframework.test.context.support.AnnotationConfigContextLoaderUtils - Could not detect default configuration classes for test class [com.capstone3.showbee.ShowbeeApplicationTests]: ShowbeeApplicationTests does not declare any static, non-private, non-final, nested classes annotated with @Configuration.
15:38:38.174 [Test worker] DEBUG org.springframework.test.context.support.ActiveProfilesUtils - Could not find an 'annotation declaring class' for annotation type [org.springframework.test.context.ActiveProfiles] and class [com.capstone3.showbee.ShowbeeApplicationTests]
15:38:38.220 [Test worker] DEBUG org.springframework.context.annotation.ClassPathScanningCandidateComponentProvider - Identified candidate component class: file [/Users/hajihyeon/Documents/School/2022-1/showbee/showbee-server/build/classes/java/main/com/capstone3/showbee/ShowbeeApplication.class]
15:38:38.221 [Test worker] INFO org.springframework.boot.test.context.SpringBootTestContextBootstrapper - Found @SpringBootConfiguration com.capstone3.showbee.ShowbeeApplication for test class com.capstone3.showbee.ShowbeeApplicationTests
15:38:38.279 [Test worker] DEBUG org.springframework.boot.test.context.SpringBootTestContextBootstrapper - @TestExecutionListeners is not present for class [com.capstone3.showbee.ShowbeeApplicationTests]: using defaults.
15:38:38.279 [Test worker] INFO org.springframework.boot.test.context.SpringBootTestContextBootstrapper - Loaded default TestExecutionListener class names from location [META-INF/spring.factories]: [org.springframework.security.test.context.support.WithSecurityContextTestExecutionListener, org.springframework.security.test.context.support.ReactorContextTestExecutionListener, org.springframework.boot.test.autoconfigure.restdocs.RestDocsTestExecutionListener, org.springframework.boot.test.autoconfigure.web.client.MockRestServiceServerResetTestExecutionListener, org.springframework.boot.test.autoconfigure.web.servlet.MockMvcPrintOnlyOnFailureTestExecutionListener, org.springframework.boot.test.autoconfigure.web.servlet.WebDriverTestExecutionListener, org.springframework.boot.test.autoconfigure.webservices.client.MockWebServiceServerTestExecutionListener, org.springframework.boot.test.mock.mockito.MockitoTestExecutionListener, org.springframework.boot.test.mock.mockito.ResetMocksTestExecutionListener, org.springframework.test.context.web.ServletTestExecutionListener, org.springframework.test.context.support.DirtiesContextBeforeModesTestExecutionListener, org.springframework.test.context.event.ApplicationEventsTestExecutionListener, org.springframework.test.context.support.DependencyInjectionTestExecutionListener, org.springframework.test.context.support.DirtiesContextTestExecutionListener, org.springframework.test.context.transaction.TransactionalTestExecutionListener, org.springframework.test.context.jdbc.SqlScriptsTestExecutionListener, org.springframework.test.context.event.EventPublishingTestExecutionListener]
15:38:38.291 [Test worker] INFO org.springframework.boot.test.context.SpringBootTestContextBootstrapper - Using TestExecutionListeners: [org.springframework.test.context.web.ServletTestExecutionListener@2c88b9fc, org.springframework.test.context.support.DirtiesContextBeforeModesTestExecutionListener@64dafeed, org.springframework.test.context.event.ApplicationEventsTestExecutionListener@388ba540, org.springframework.boot.test.mock.mockito.MockitoTestExecutionListener@47605f2f, org.springframework.boot.test.autoconfigure.SpringBootDependencyInjectionTestExecutionListener@2ece4966, org.springframework.test.context.support.DirtiesContextTestExecutionListener@1dd0e7c4, org.springframework.test.context.transaction.TransactionalTestExecutionListener@7894f09b, org.springframework.test.context.jdbc.SqlScriptsTestExecutionListener@3d484181, org.springframework.security.test.context.support.WithSecurityContextTestExecutionListener@6111ba37, org.springframework.test.context.event.EventPublishingTestExecutionListener@7be58f16, org.springframework.security.test.context.support.ReactorContextTestExecutionListener@242aa8d9, org.springframework.boot.test.autoconfigure.restdocs.RestDocsTestExecutionListener@5b11a194, org.springframework.boot.test.autoconfigure.web.client.MockRestServiceServerResetTestExecutionListener@37bd68c3, org.springframework.boot.test.autoconfigure.web.servlet.MockMvcPrintOnlyOnFailureTestExecutionListener@60f7cc1d, org.springframework.boot.test.autoconfigure.web.servlet.WebDriverTestExecutionListener@11eadcba, org.springframework.boot.test.autoconfigure.webservices.client.MockWebServiceServerTestExecutionListener@4721d212, org.springframework.boot.test.mock.mockito.ResetMocksTestExecutionListener@1b065145]
15:38:38.295 [Test worker] DEBUG org.springframework.test.context.support.AbstractDirtiesContextTestExecutionListener - Before test class: context [DefaultTestContext@24d4d7c9 testClass = ShowbeeApplicationTests, testInstance = [null], testMethod = [null], testException = [null], mergedContextConfiguration = [WebMergedContextConfiguration@f0e995e testClass = ShowbeeApplicationTests, locations = '{}', classes = '{class com.capstone3.showbee.ShowbeeApplication}', contextInitializerClasses = '[]', activeProfiles = '{}', propertySourceLocations = '{}', propertySourceProperties = '{org.springframework.boot.test.context.SpringBootTestContextBootstrapper=true}', contextCustomizers = set[org.springframework.boot.test.autoconfigure.actuate.metrics.MetricsExportContextCustomizerFactory$DisableMetricExportContextCustomizer@36b4091c, org.springframework.boot.test.autoconfigure.properties.PropertyMappingContextCustomizer@0, org.springframework.boot.test.autoconfigure.web.servlet.WebDriverContextCustomizerFactory$Customizer@12359a82, org.springframework.boot.test.context.filter.ExcludeFilterContextCustomizer@5be46f9d, org.springframework.boot.test.json.DuplicateJsonObjectContextCustomizerFactory$DuplicateJsonObjectContextCustomizer@7a220c9a, org.springframework.boot.test.mock.mockito.MockitoContextCustomizer@0, org.springframework.boot.test.web.client.TestRestTemplateContextCustomizer@600b90df, org.springframework.boot.test.context.SpringBootTestArgs@1, org.springframework.boot.test.context.SpringBootTestWebEnvironment@683dbc2c], resourceBasePath = 'src/main/webapp', contextLoader = 'org.springframework.boot.test.context.SpringBootContextLoader', parent = [null]], attributes = map['org.springframework.test.context.web.ServletTestExecutionListener.activateListener' -> true]], class annotated with @DirtiesContext [false] with mode [null].

  .   ____          _            __ _ _
 /\\ / ___'_ __ _ _(_)_ __  __ _ \ \ \ \
( ( )\___ | '_ | '_| | '_ \/ _` | \ \ \ \
 \\/  ___)| |_)| | | | | || (_| |  ) ) ) )
  '  |____| .__|_| |_|_| |_\__, | / / / /
 =========|_|==============|___/=/_/_/_/
 :: Spring Boot ::                (v2.6.6)

2022-05-24 15:38:38.494  INFO 26507 --- [    Test worker] c.c.showbee.ShowbeeApplicationTests      : Starting ShowbeeApplicationTests using Java 18.0.1 on HaJihyeonui-MacBookPro.local with PID 26507 (started by hajihyeon in /Users/hajihyeon/Documents/School/2022-1/showbee/showbee-server)
2022-05-24 15:38:38.496  INFO 26507 --- [    Test worker] c.c.showbee.ShowbeeApplicationTests      : No active profile set, falling back to 1 default profile: "default"
2022-05-24 15:38:39.073  INFO 26507 --- [    Test worker] .s.d.r.c.RepositoryConfigurationDelegate : Bootstrapping Spring Data JPA repositories in DEFAULT mode.
2022-05-24 15:38:39.118  INFO 26507 --- [    Test worker] .s.d.r.c.RepositoryConfigurationDelegate : Finished Spring Data repository scanning in 40 ms. Found 4 JPA repository interfaces.
2022-05-24 15:38:39.573  INFO 26507 --- [    Test worker] com.zaxxer.hikari.HikariDataSource       : HikariPool-1 - Starting...
2022-05-24 15:38:39.838  INFO 26507 --- [    Test worker] com.zaxxer.hikari.HikariDataSource       : HikariPool-1 - Start completed.
2022-05-24 15:38:39.883  INFO 26507 --- [    Test worker] o.hibernate.jpa.internal.util.LogHelper  : HHH000204: Processing PersistenceUnitInfo [name: default]
2022-05-24 15:38:39.919  INFO 26507 --- [    Test worker] org.hibernate.Version                    : HHH000412: Hibernate ORM core version 5.6.7.Final
2022-05-24 15:38:40.054  INFO 26507 --- [    Test worker] o.hibernate.annotations.common.Version   : HCANN000001: Hibernate Commons Annotations {5.1.2.Final}
2022-05-24 15:38:40.144  INFO 26507 --- [    Test worker] org.hibernate.dialect.Dialect            : HHH000400: Using dialect: org.hibernate.dialect.MySQL8Dialect
2022-05-24 15:38:40.534  INFO 26507 --- [    Test worker] o.h.e.t.j.p.i.JtaPlatformInitiator       : HHH000490: Using JtaPlatform implementation: [org.hibernate.engine.transaction.jta.platform.internal.NoJtaPlatform]
2022-05-24 15:38:40.539  INFO 26507 --- [    Test worker] j.LocalContainerEntityManagerFactoryBean : Initialized JPA EntityManagerFactory for persistence unit 'default'
2022-05-24 15:38:40.798  WARN 26507 --- [    Test worker] JpaBaseConfiguration$JpaWebConfiguration : spring.jpa.open-in-view is enabled by default. Therefore, database queries may be performed during view rendering. Explicitly configure spring.jpa.open-in-view to disable this warning
2022-05-24 15:38:41.379  WARN 26507 --- [    Test worker] ion$DefaultTemplateResolverConfiguration : Cannot find template location: classpath:/templates/ (please add some templates or check your Thymeleaf configuration)
2022-05-24 15:38:41.551  WARN 26507 --- [    Test worker] o.s.s.c.a.web.builders.WebSecurity       : You are asking Spring Security to ignore Ant [pattern='/v2/api-docs']. This is not recommended -- please use permitAll via HttpSecurity#authorizeHttpRequests instead.
2022-05-24 15:38:41.552  INFO 26507 --- [    Test worker] o.s.s.web.DefaultSecurityFilterChain     : Will secure Ant [pattern='/v2/api-docs'] with []
2022-05-24 15:38:41.552  WARN 26507 --- [    Test worker] o.s.s.c.a.web.builders.WebSecurity       : You are asking Spring Security to ignore Ant [pattern='/swagger-resources/***']. This is not recommended -- please use permitAll via HttpSecurity#authorizeHttpRequests instead.
2022-05-24 15:38:41.552  INFO 26507 --- [    Test worker] o.s.s.web.DefaultSecurityFilterChain     : Will secure Ant [pattern='/swagger-resources/***'] with []
2022-05-24 15:38:41.552  WARN 26507 --- [    Test worker] o.s.s.c.a.web.builders.WebSecurity       : You are asking Spring Security to ignore Ant [pattern='/swagger-ui.html']. This is not recommended -- please use permitAll via HttpSecurity#authorizeHttpRequests instead.
2022-05-24 15:38:41.553  INFO 26507 --- [    Test worker] o.s.s.web.DefaultSecurityFilterChain     : Will secure Ant [pattern='/swagger-ui.html'] with []
2022-05-24 15:38:41.553  WARN 26507 --- [    Test worker] o.s.s.c.a.web.builders.WebSecurity       : You are asking Spring Security to ignore Ant [pattern='/webjars/**']. This is not recommended -- please use permitAll via HttpSecurity#authorizeHttpRequests instead.
2022-05-24 15:38:41.553  INFO 26507 --- [    Test worker] o.s.s.web.DefaultSecurityFilterChain     : Will secure Ant [pattern='/webjars/**'] with []
2022-05-24 15:38:41.553  WARN 26507 --- [    Test worker] o.s.s.c.a.web.builders.WebSecurity       : You are asking Spring Security to ignore Ant [pattern='/swagger/**']. This is not recommended -- please use permitAll via HttpSecurity#authorizeHttpRequests instead.
2022-05-24 15:38:41.553  INFO 26507 --- [    Test worker] o.s.s.web.DefaultSecurityFilterChain     : Will secure Ant [pattern='/swagger/**'] with []
2022-05-24 15:38:41.593  INFO 26507 --- [    Test worker] o.s.s.web.DefaultSecurityFilterChain     : Will not secure any request
2022-05-24 15:38:41.662  INFO 26507 --- [    Test worker] c.c.showbee.ShowbeeApplicationTests      : Started ShowbeeApplicationTests in 3.343 seconds (JVM running for 4.095)
]]></system-out>
  <system-err><![CDATA[]]></system-err>
</testsuite>
