<?xml version="1.0" encoding="UTF-8"?>
<testsuite name="com.capstone3.showbee.ShowbeeApplicationTests" tests="1" skipped="0" failures="0" errors="0" timestamp="2022-04-23T08:14:00" hostname="DESKTOP-M1SNKIA" time="0.137">
  <properties/>
  <testcase name="contextLoads()" classname="com.capstone3.showbee.ShowbeeApplicationTests" time="0.137"/>
  <system-out><![CDATA[17:13:56.942 [Test worker] DEBUG org.springframework.test.context.BootstrapUtils - Instantiating CacheAwareContextLoaderDelegate from class [org.springframework.test.context.cache.DefaultCacheAwareContextLoaderDelegate]
17:13:56.951 [Test worker] DEBUG org.springframework.test.context.BootstrapUtils - Instantiating BootstrapContext using constructor [public org.springframework.test.context.support.DefaultBootstrapContext(java.lang.Class,org.springframework.test.context.CacheAwareContextLoaderDelegate)]
17:13:56.979 [Test worker] DEBUG org.springframework.test.context.BootstrapUtils - Instantiating TestContextBootstrapper for test class [com.capstone3.showbee.ShowbeeApplicationTests] from class [org.springframework.boot.test.context.SpringBootTestContextBootstrapper]
17:13:56.988 [Test worker] INFO org.springframework.boot.test.context.SpringBootTestContextBootstrapper - Neither @ContextConfiguration nor @ContextHierarchy found for test class [com.capstone3.showbee.ShowbeeApplicationTests], using SpringBootContextLoader
17:13:56.991 [Test worker] DEBUG org.springframework.test.context.support.AbstractContextLoader - Did not detect default resource location for test class [com.capstone3.showbee.ShowbeeApplicationTests]: class path resource [com/capstone3/showbee/ShowbeeApplicationTests-context.xml] does not exist
17:13:56.991 [Test worker] DEBUG org.springframework.test.context.support.AbstractContextLoader - Did not detect default resource location for test class [com.capstone3.showbee.ShowbeeApplicationTests]: class path resource [com/capstone3/showbee/ShowbeeApplicationTestsContext.groovy] does not exist
17:13:56.992 [Test worker] INFO org.springframework.test.context.support.AbstractContextLoader - Could not detect default resource locations for test class [com.capstone3.showbee.ShowbeeApplicationTests]: no resource found for suffixes {-context.xml, Context.groovy}.
17:13:56.992 [Test worker] INFO org.springframework.test.context.support.AnnotationConfigContextLoaderUtils - Could not detect default configuration classes for test class [com.capstone3.showbee.ShowbeeApplicationTests]: ShowbeeApplicationTests does not declare any static, non-private, non-final, nested classes annotated with @Configuration.
17:13:57.024 [Test worker] DEBUG org.springframework.test.context.support.ActiveProfilesUtils - Could not find an 'annotation declaring class' for annotation type [org.springframework.test.context.ActiveProfiles] and class [com.capstone3.showbee.ShowbeeApplicationTests]
17:13:57.075 [Test worker] DEBUG org.springframework.context.annotation.ClassPathScanningCandidateComponentProvider - Identified candidate component class: file [C:\Users\user\Desktop\showbee\server\build\classes\java\main\com\capstone3\showbee\ShowbeeApplication.class]
17:13:57.077 [Test worker] INFO org.springframework.boot.test.context.SpringBootTestContextBootstrapper - Found @SpringBootConfiguration com.capstone3.showbee.ShowbeeApplication for test class com.capstone3.showbee.ShowbeeApplicationTests
17:13:57.151 [Test worker] DEBUG org.springframework.boot.test.context.SpringBootTestContextBootstrapper - @TestExecutionListeners is not present for class [com.capstone3.showbee.ShowbeeApplicationTests]: using defaults.
17:13:57.152 [Test worker] INFO org.springframework.boot.test.context.SpringBootTestContextBootstrapper - Loaded default TestExecutionListener class names from location [META-INF/spring.factories]: [org.springframework.security.test.context.support.WithSecurityContextTestExecutionListener, org.springframework.security.test.context.support.ReactorContextTestExecutionListener, org.springframework.boot.test.autoconfigure.restdocs.RestDocsTestExecutionListener, org.springframework.boot.test.autoconfigure.web.client.MockRestServiceServerResetTestExecutionListener, org.springframework.boot.test.autoconfigure.web.servlet.MockMvcPrintOnlyOnFailureTestExecutionListener, org.springframework.boot.test.autoconfigure.web.servlet.WebDriverTestExecutionListener, org.springframework.boot.test.autoconfigure.webservices.client.MockWebServiceServerTestExecutionListener, org.springframework.boot.test.mock.mockito.MockitoTestExecutionListener, org.springframework.boot.test.mock.mockito.ResetMocksTestExecutionListener, org.springframework.test.context.web.ServletTestExecutionListener, org.springframework.test.context.support.DirtiesContextBeforeModesTestExecutionListener, org.springframework.test.context.event.ApplicationEventsTestExecutionListener, org.springframework.test.context.support.DependencyInjectionTestExecutionListener, org.springframework.test.context.support.DirtiesContextTestExecutionListener, org.springframework.test.context.transaction.TransactionalTestExecutionListener, org.springframework.test.context.jdbc.SqlScriptsTestExecutionListener, org.springframework.test.context.event.EventPublishingTestExecutionListener]
17:13:57.166 [Test worker] INFO org.springframework.boot.test.context.SpringBootTestContextBootstrapper - Using TestExecutionListeners: [org.springframework.test.context.web.ServletTestExecutionListener@fd0e5b6, org.springframework.test.context.support.DirtiesContextBeforeModesTestExecutionListener@4eed46ee, org.springframework.test.context.event.ApplicationEventsTestExecutionListener@36b0fcd5, org.springframework.boot.test.mock.mockito.MockitoTestExecutionListener@4fad94a7, org.springframework.boot.test.autoconfigure.SpringBootDependencyInjectionTestExecutionListener@475835b1, org.springframework.test.context.support.DirtiesContextTestExecutionListener@6326d182, org.springframework.test.context.transaction.TransactionalTestExecutionListener@5241cf67, org.springframework.test.context.jdbc.SqlScriptsTestExecutionListener@716a7124, org.springframework.security.test.context.support.WithSecurityContextTestExecutionListener@77192705, org.springframework.test.context.event.EventPublishingTestExecutionListener@226642a5, org.springframework.security.test.context.support.ReactorContextTestExecutionListener@7e809b79, org.springframework.boot.test.autoconfigure.restdocs.RestDocsTestExecutionListener@5cc126dc, org.springframework.boot.test.autoconfigure.web.client.MockRestServiceServerResetTestExecutionListener@625e134e, org.springframework.boot.test.autoconfigure.web.servlet.MockMvcPrintOnlyOnFailureTestExecutionListener@72bd06ca, org.springframework.boot.test.autoconfigure.web.servlet.WebDriverTestExecutionListener@89c10b7, org.springframework.boot.test.autoconfigure.webservices.client.MockWebServiceServerTestExecutionListener@5dbe30be, org.springframework.boot.test.mock.mockito.ResetMocksTestExecutionListener@4fe89c24]
17:13:57.169 [Test worker] DEBUG org.springframework.test.context.support.AbstractDirtiesContextTestExecutionListener - Before test class: context [DefaultTestContext@52500920 testClass = ShowbeeApplicationTests, testInstance = [null], testMethod = [null], testException = [null], mergedContextConfiguration = [WebMergedContextConfiguration@117e0fe5 testClass = ShowbeeApplicationTests, locations = '{}', classes = '{class com.capstone3.showbee.ShowbeeApplication}', contextInitializerClasses = '[]', activeProfiles = '{}', propertySourceLocations = '{}', propertySourceProperties = '{org.springframework.boot.test.context.SpringBootTestContextBootstrapper=true}', contextCustomizers = set[org.springframework.boot.test.autoconfigure.actuate.metrics.MetricsExportContextCustomizerFactory$DisableMetricExportContextCustomizer@648c94da, org.springframework.boot.test.autoconfigure.properties.PropertyMappingContextCustomizer@0, org.springframework.boot.test.autoconfigure.web.servlet.WebDriverContextCustomizerFactory$Customizer@79179359, org.springframework.boot.test.context.filter.ExcludeFilterContextCustomizer@4eb386df, org.springframework.boot.test.json.DuplicateJsonObjectContextCustomizerFactory$DuplicateJsonObjectContextCustomizer@7ac0e420, org.springframework.boot.test.mock.mockito.MockitoContextCustomizer@0, org.springframework.boot.test.web.client.TestRestTemplateContextCustomizer@db57326, org.springframework.boot.test.context.SpringBootTestArgs@1, org.springframework.boot.test.context.SpringBootTestWebEnvironment@429bffaa], resourceBasePath = 'src/main/webapp', contextLoader = 'org.springframework.boot.test.context.SpringBootContextLoader', parent = [null]], attributes = map['org.springframework.test.context.web.ServletTestExecutionListener.activateListener' -> true]], class annotated with @DirtiesContext [false] with mode [null].

  .   ____          _            __ _ _
 /\\ / ___'_ __ _ _(_)_ __  __ _ \ \ \ \
( ( )\___ | '_ | '_| | '_ \/ _` | \ \ \ \
 \\/  ___)| |_)| | | | | || (_| |  ) ) ) )
  '  |____| .__|_| |_|_| |_\__, | / / / /
 =========|_|==============|___/=/_/_/_/
 :: Spring Boot ::                (v2.6.6)

2022-04-23 17:13:57.380  INFO 11068 --- [    Test worker] c.c.showbee.ShowbeeApplicationTests      : Starting ShowbeeApplicationTests using Java 17.0.3 on DESKTOP-M1SNKIA with PID 11068 (started by user in C:\Users\user\Desktop\showbee\server)
2022-04-23 17:13:57.380  INFO 11068 --- [    Test worker] c.c.showbee.ShowbeeApplicationTests      : No active profile set, falling back to 1 default profile: "default"
2022-04-23 17:13:57.914  INFO 11068 --- [    Test worker] .s.d.r.c.RepositoryConfigurationDelegate : Bootstrapping Spring Data JPA repositories in DEFAULT mode.
2022-04-23 17:13:57.964  INFO 11068 --- [    Test worker] .s.d.r.c.RepositoryConfigurationDelegate : Finished Spring Data repository scanning in 43 ms. Found 1 JPA repository interfaces.
2022-04-23 17:13:58.433  INFO 11068 --- [    Test worker] com.zaxxer.hikari.HikariDataSource       : HikariPool-1 - Starting...
2022-04-23 17:13:58.757  INFO 11068 --- [    Test worker] com.zaxxer.hikari.HikariDataSource       : HikariPool-1 - Start completed.
2022-04-23 17:13:58.804  INFO 11068 --- [    Test worker] o.hibernate.jpa.internal.util.LogHelper  : HHH000204: Processing PersistenceUnitInfo [name: default]
2022-04-23 17:13:58.862  INFO 11068 --- [    Test worker] org.hibernate.Version                    : HHH000412: Hibernate ORM core version 5.6.7.Final
2022-04-23 17:13:59.036  INFO 11068 --- [    Test worker] o.hibernate.annotations.common.Version   : HCANN000001: Hibernate Commons Annotations {5.1.2.Final}
2022-04-23 17:13:59.140  INFO 11068 --- [    Test worker] org.hibernate.dialect.Dialect            : HHH000400: Using dialect: org.hibernate.dialect.MySQL8Dialect
2022-04-23 17:13:59.571  INFO 11068 --- [    Test worker] o.h.e.t.j.p.i.JtaPlatformInitiator       : HHH000490: Using JtaPlatform implementation: [org.hibernate.engine.transaction.jta.platform.internal.NoJtaPlatform]
2022-04-23 17:13:59.571  INFO 11068 --- [    Test worker] j.LocalContainerEntityManagerFactoryBean : Initialized JPA EntityManagerFactory for persistence unit 'default'
2022-04-23 17:13:59.899  WARN 11068 --- [    Test worker] JpaBaseConfiguration$JpaWebConfiguration : spring.jpa.open-in-view is enabled by default. Therefore, database queries may be performed during view rendering. Explicitly configure spring.jpa.open-in-view to disable this warning
2022-04-23 17:14:00.697  WARN 11068 --- [    Test worker] o.s.s.c.a.web.builders.WebSecurity       : You are asking Spring Security to ignore Ant [pattern='/v2/api-docs']. This is not recommended -- please use permitAll via HttpSecurity#authorizeHttpRequests instead.
2022-04-23 17:14:00.697  INFO 11068 --- [    Test worker] o.s.s.web.DefaultSecurityFilterChain     : Will secure Ant [pattern='/v2/api-docs'] with []
2022-04-23 17:14:00.697  WARN 11068 --- [    Test worker] o.s.s.c.a.web.builders.WebSecurity       : You are asking Spring Security to ignore Ant [pattern='/swagger-resources/***']. This is not recommended -- please use permitAll via HttpSecurity#authorizeHttpRequests instead.
2022-04-23 17:14:00.697  INFO 11068 --- [    Test worker] o.s.s.web.DefaultSecurityFilterChain     : Will secure Ant [pattern='/swagger-resources/***'] with []
2022-04-23 17:14:00.697  WARN 11068 --- [    Test worker] o.s.s.c.a.web.builders.WebSecurity       : You are asking Spring Security to ignore Ant [pattern='/swagger-ui.html']. This is not recommended -- please use permitAll via HttpSecurity#authorizeHttpRequests instead.
2022-04-23 17:14:00.697  INFO 11068 --- [    Test worker] o.s.s.web.DefaultSecurityFilterChain     : Will secure Ant [pattern='/swagger-ui.html'] with []
2022-04-23 17:14:00.697  WARN 11068 --- [    Test worker] o.s.s.c.a.web.builders.WebSecurity       : You are asking Spring Security to ignore Ant [pattern='/webjars/**']. This is not recommended -- please use permitAll via HttpSecurity#authorizeHttpRequests instead.
2022-04-23 17:14:00.697  INFO 11068 --- [    Test worker] o.s.s.web.DefaultSecurityFilterChain     : Will secure Ant [pattern='/webjars/**'] with []
2022-04-23 17:14:00.697  WARN 11068 --- [    Test worker] o.s.s.c.a.web.builders.WebSecurity       : You are asking Spring Security to ignore Ant [pattern='/swagger/**']. This is not recommended -- please use permitAll via HttpSecurity#authorizeHttpRequests instead.
2022-04-23 17:14:00.697  INFO 11068 --- [    Test worker] o.s.s.web.DefaultSecurityFilterChain     : Will secure Ant [pattern='/swagger/**'] with []
2022-04-23 17:14:00.747  INFO 11068 --- [    Test worker] o.s.s.web.DefaultSecurityFilterChain     : Will not secure any request
2022-04-23 17:14:00.831  INFO 11068 --- [    Test worker] c.c.showbee.ShowbeeApplicationTests      : Started ShowbeeApplicationTests in 3.635 seconds (JVM running for 4.506)
]]></system-out>
  <system-err><![CDATA[]]></system-err>
</testsuite>
