<?xml version="1.0" encoding="UTF-8"?>
<testsuite name="com.capstone3.showbee.ShowbeeApplicationTests" tests="1" skipped="0" failures="0" errors="0" timestamp="2022-05-24T07:49:15" hostname="HaJihyeonui-MacBookPro.local" time="0.112">
  <properties/>
  <testcase name="contextLoads()" classname="com.capstone3.showbee.ShowbeeApplicationTests" time="0.112"/>
  <system-out><![CDATA[16:49:12.290 [Test worker] DEBUG org.springframework.test.context.BootstrapUtils - Instantiating CacheAwareContextLoaderDelegate from class [org.springframework.test.context.cache.DefaultCacheAwareContextLoaderDelegate]
16:49:12.298 [Test worker] DEBUG org.springframework.test.context.BootstrapUtils - Instantiating BootstrapContext using constructor [public org.springframework.test.context.support.DefaultBootstrapContext(java.lang.Class,org.springframework.test.context.CacheAwareContextLoaderDelegate)]
16:49:12.320 [Test worker] DEBUG org.springframework.test.context.BootstrapUtils - Instantiating TestContextBootstrapper for test class [com.capstone3.showbee.ShowbeeApplicationTests] from class [org.springframework.boot.test.context.SpringBootTestContextBootstrapper]
16:49:12.327 [Test worker] INFO org.springframework.boot.test.context.SpringBootTestContextBootstrapper - Neither @ContextConfiguration nor @ContextHierarchy found for test class [com.capstone3.showbee.ShowbeeApplicationTests], using SpringBootContextLoader
16:49:12.329 [Test worker] DEBUG org.springframework.test.context.support.AbstractContextLoader - Did not detect default resource location for test class [com.capstone3.showbee.ShowbeeApplicationTests]: class path resource [com/capstone3/showbee/ShowbeeApplicationTests-context.xml] does not exist
16:49:12.330 [Test worker] DEBUG org.springframework.test.context.support.AbstractContextLoader - Did not detect default resource location for test class [com.capstone3.showbee.ShowbeeApplicationTests]: class path resource [com/capstone3/showbee/ShowbeeApplicationTestsContext.groovy] does not exist
16:49:12.330 [Test worker] INFO org.springframework.test.context.support.AbstractContextLoader - Could not detect default resource locations for test class [com.capstone3.showbee.ShowbeeApplicationTests]: no resource found for suffixes {-context.xml, Context.groovy}.
16:49:12.331 [Test worker] INFO org.springframework.test.context.support.AnnotationConfigContextLoaderUtils - Could not detect default configuration classes for test class [com.capstone3.showbee.ShowbeeApplicationTests]: ShowbeeApplicationTests does not declare any static, non-private, non-final, nested classes annotated with @Configuration.
16:49:12.365 [Test worker] DEBUG org.springframework.test.context.support.ActiveProfilesUtils - Could not find an 'annotation declaring class' for annotation type [org.springframework.test.context.ActiveProfiles] and class [com.capstone3.showbee.ShowbeeApplicationTests]
16:49:12.401 [Test worker] DEBUG org.springframework.context.annotation.ClassPathScanningCandidateComponentProvider - Identified candidate component class: file [/Users/hajihyeon/Documents/School/2022-1/showbee/showbee-server/build/classes/java/main/com/capstone3/showbee/ShowbeeApplication.class]
16:49:12.402 [Test worker] INFO org.springframework.boot.test.context.SpringBootTestContextBootstrapper - Found @SpringBootConfiguration com.capstone3.showbee.ShowbeeApplication for test class com.capstone3.showbee.ShowbeeApplicationTests
16:49:12.453 [Test worker] DEBUG org.springframework.boot.test.context.SpringBootTestContextBootstrapper - @TestExecutionListeners is not present for class [com.capstone3.showbee.ShowbeeApplicationTests]: using defaults.
16:49:12.453 [Test worker] INFO org.springframework.boot.test.context.SpringBootTestContextBootstrapper - Loaded default TestExecutionListener class names from location [META-INF/spring.factories]: [org.springframework.security.test.context.support.WithSecurityContextTestExecutionListener, org.springframework.security.test.context.support.ReactorContextTestExecutionListener, org.springframework.boot.test.autoconfigure.restdocs.RestDocsTestExecutionListener, org.springframework.boot.test.autoconfigure.web.client.MockRestServiceServerResetTestExecutionListener, org.springframework.boot.test.autoconfigure.web.servlet.MockMvcPrintOnlyOnFailureTestExecutionListener, org.springframework.boot.test.autoconfigure.web.servlet.WebDriverTestExecutionListener, org.springframework.boot.test.autoconfigure.webservices.client.MockWebServiceServerTestExecutionListener, org.springframework.boot.test.mock.mockito.MockitoTestExecutionListener, org.springframework.boot.test.mock.mockito.ResetMocksTestExecutionListener, org.springframework.test.context.web.ServletTestExecutionListener, org.springframework.test.context.support.DirtiesContextBeforeModesTestExecutionListener, org.springframework.test.context.event.ApplicationEventsTestExecutionListener, org.springframework.test.context.support.DependencyInjectionTestExecutionListener, org.springframework.test.context.support.DirtiesContextTestExecutionListener, org.springframework.test.context.transaction.TransactionalTestExecutionListener, org.springframework.test.context.jdbc.SqlScriptsTestExecutionListener, org.springframework.test.context.event.EventPublishingTestExecutionListener]
16:49:12.470 [Test worker] INFO org.springframework.boot.test.context.SpringBootTestContextBootstrapper - Using TestExecutionListeners: [org.springframework.test.context.web.ServletTestExecutionListener@285c08c8, org.springframework.test.context.support.DirtiesContextBeforeModesTestExecutionListener@295eaa7c, org.springframework.test.context.event.ApplicationEventsTestExecutionListener@3918c187, org.springframework.boot.test.mock.mockito.MockitoTestExecutionListener@2c88b9fc, org.springframework.boot.test.autoconfigure.SpringBootDependencyInjectionTestExecutionListener@64dafeed, org.springframework.test.context.support.DirtiesContextTestExecutionListener@388ba540, org.springframework.test.context.transaction.TransactionalTestExecutionListener@47605f2f, org.springframework.test.context.jdbc.SqlScriptsTestExecutionListener@2ece4966, org.springframework.security.test.context.support.WithSecurityContextTestExecutionListener@1dd0e7c4, org.springframework.test.context.event.EventPublishingTestExecutionListener@7894f09b, org.springframework.security.test.context.support.ReactorContextTestExecutionListener@3d484181, org.springframework.boot.test.autoconfigure.restdocs.RestDocsTestExecutionListener@6111ba37, org.springframework.boot.test.autoconfigure.web.client.MockRestServiceServerResetTestExecutionListener@7be58f16, org.springframework.boot.test.autoconfigure.web.servlet.MockMvcPrintOnlyOnFailureTestExecutionListener@242aa8d9, org.springframework.boot.test.autoconfigure.web.servlet.WebDriverTestExecutionListener@5b11a194, org.springframework.boot.test.autoconfigure.webservices.client.MockWebServiceServerTestExecutionListener@37bd68c3, org.springframework.boot.test.mock.mockito.ResetMocksTestExecutionListener@60f7cc1d]
16:49:12.472 [Test worker] DEBUG org.springframework.test.context.support.AbstractDirtiesContextTestExecutionListener - Before test class: context [DefaultTestContext@4f2c9ba6 testClass = ShowbeeApplicationTests, testInstance = [null], testMethod = [null], testException = [null], mergedContextConfiguration = [WebMergedContextConfiguration@4e28bdd1 testClass = ShowbeeApplicationTests, locations = '{}', classes = '{class com.capstone3.showbee.ShowbeeApplication}', contextInitializerClasses = '[]', activeProfiles = '{}', propertySourceLocations = '{}', propertySourceProperties = '{org.springframework.boot.test.context.SpringBootTestContextBootstrapper=true}', contextCustomizers = set[org.springframework.boot.test.autoconfigure.actuate.metrics.MetricsExportContextCustomizerFactory$DisableMetricExportContextCustomizer@16eccb2e, org.springframework.boot.test.autoconfigure.properties.PropertyMappingContextCustomizer@0, org.springframework.boot.test.autoconfigure.web.servlet.WebDriverContextCustomizerFactory$Customizer@49c66ade, org.springframework.boot.test.context.filter.ExcludeFilterContextCustomizer@479460a6, org.springframework.boot.test.json.DuplicateJsonObjectContextCustomizerFactory$DuplicateJsonObjectContextCustomizer@5be46f9d, org.springframework.boot.test.mock.mockito.MockitoContextCustomizer@0, org.springframework.boot.test.web.client.TestRestTemplateContextCustomizer@15713d56, org.springframework.boot.test.context.SpringBootTestArgs@1, org.springframework.boot.test.context.SpringBootTestWebEnvironment@d21a74c], resourceBasePath = 'src/main/webapp', contextLoader = 'org.springframework.boot.test.context.SpringBootContextLoader', parent = [null]], attributes = map['org.springframework.test.context.web.ServletTestExecutionListener.activateListener' -> true]], class annotated with @DirtiesContext [false] with mode [null].

  .   ____          _            __ _ _
 /\\ / ___'_ __ _ _(_)_ __  __ _ \ \ \ \
( ( )\___ | '_ | '_| | '_ \/ _` | \ \ \ \
 \\/  ___)| |_)| | | | | || (_| |  ) ) ) )
  '  |____| .__|_| |_|_| |_\__, | / / / /
 =========|_|==============|___/=/_/_/_/
 :: Spring Boot ::                (v2.6.6)

2022-05-24 16:49:12.928  INFO 28958 --- [    Test worker] c.c.showbee.ShowbeeApplicationTests      : Starting ShowbeeApplicationTests using Java 18.0.1 on HaJihyeonui-MacBookPro.local with PID 28958 (started by hajihyeon in /Users/hajihyeon/Documents/School/2022-1/showbee/showbee-server)
2022-05-24 16:49:12.929  INFO 28958 --- [    Test worker] c.c.showbee.ShowbeeApplicationTests      : No active profile set, falling back to 1 default profile: "default"
2022-05-24 16:49:13.369  INFO 28958 --- [    Test worker] .s.d.r.c.RepositoryConfigurationDelegate : Bootstrapping Spring Data JPA repositories in DEFAULT mode.
2022-05-24 16:49:13.409  INFO 28958 --- [    Test worker] .s.d.r.c.RepositoryConfigurationDelegate : Finished Spring Data repository scanning in 34 ms. Found 4 JPA repository interfaces.
2022-05-24 16:49:13.801  INFO 28958 --- [    Test worker] com.zaxxer.hikari.HikariDataSource       : HikariPool-1 - Starting...
2022-05-24 16:49:14.019  INFO 28958 --- [    Test worker] com.zaxxer.hikari.HikariDataSource       : HikariPool-1 - Start completed.
2022-05-24 16:49:14.054  INFO 28958 --- [    Test worker] o.hibernate.jpa.internal.util.LogHelper  : HHH000204: Processing PersistenceUnitInfo [name: default]
2022-05-24 16:49:14.081  INFO 28958 --- [    Test worker] org.hibernate.Version                    : HHH000412: Hibernate ORM core version 5.6.7.Final
2022-05-24 16:49:14.187  INFO 28958 --- [    Test worker] o.hibernate.annotations.common.Version   : HCANN000001: Hibernate Commons Annotations {5.1.2.Final}
2022-05-24 16:49:14.276  INFO 28958 --- [    Test worker] org.hibernate.dialect.Dialect            : HHH000400: Using dialect: org.hibernate.dialect.MySQL8Dialect
2022-05-24 16:49:14.651  INFO 28958 --- [    Test worker] o.h.e.t.j.p.i.JtaPlatformInitiator       : HHH000490: Using JtaPlatform implementation: [org.hibernate.engine.transaction.jta.platform.internal.NoJtaPlatform]
2022-05-24 16:49:14.656  INFO 28958 --- [    Test worker] j.LocalContainerEntityManagerFactoryBean : Initialized JPA EntityManagerFactory for persistence unit 'default'
2022-05-24 16:49:14.915  WARN 28958 --- [    Test worker] JpaBaseConfiguration$JpaWebConfiguration : spring.jpa.open-in-view is enabled by default. Therefore, database queries may be performed during view rendering. Explicitly configure spring.jpa.open-in-view to disable this warning
2022-05-24 16:49:15.443  WARN 28958 --- [    Test worker] ion$DefaultTemplateResolverConfiguration : Cannot find template location: classpath:/templates/ (please add some templates or check your Thymeleaf configuration)
2022-05-24 16:49:15.601  WARN 28958 --- [    Test worker] o.s.s.c.a.web.builders.WebSecurity       : You are asking Spring Security to ignore Ant [pattern='/v2/api-docs']. This is not recommended -- please use permitAll via HttpSecurity#authorizeHttpRequests instead.
2022-05-24 16:49:15.601  INFO 28958 --- [    Test worker] o.s.s.web.DefaultSecurityFilterChain     : Will secure Ant [pattern='/v2/api-docs'] with []
2022-05-24 16:49:15.602  WARN 28958 --- [    Test worker] o.s.s.c.a.web.builders.WebSecurity       : You are asking Spring Security to ignore Ant [pattern='/swagger-resources/***']. This is not recommended -- please use permitAll via HttpSecurity#authorizeHttpRequests instead.
2022-05-24 16:49:15.602  INFO 28958 --- [    Test worker] o.s.s.web.DefaultSecurityFilterChain     : Will secure Ant [pattern='/swagger-resources/***'] with []
2022-05-24 16:49:15.602  WARN 28958 --- [    Test worker] o.s.s.c.a.web.builders.WebSecurity       : You are asking Spring Security to ignore Ant [pattern='/swagger-ui.html']. This is not recommended -- please use permitAll via HttpSecurity#authorizeHttpRequests instead.
2022-05-24 16:49:15.602  INFO 28958 --- [    Test worker] o.s.s.web.DefaultSecurityFilterChain     : Will secure Ant [pattern='/swagger-ui.html'] with []
2022-05-24 16:49:15.602  WARN 28958 --- [    Test worker] o.s.s.c.a.web.builders.WebSecurity       : You are asking Spring Security to ignore Ant [pattern='/webjars/**']. This is not recommended -- please use permitAll via HttpSecurity#authorizeHttpRequests instead.
2022-05-24 16:49:15.602  INFO 28958 --- [    Test worker] o.s.s.web.DefaultSecurityFilterChain     : Will secure Ant [pattern='/webjars/**'] with []
2022-05-24 16:49:15.602  WARN 28958 --- [    Test worker] o.s.s.c.a.web.builders.WebSecurity       : You are asking Spring Security to ignore Ant [pattern='/swagger/**']. This is not recommended -- please use permitAll via HttpSecurity#authorizeHttpRequests instead.
2022-05-24 16:49:15.602  INFO 28958 --- [    Test worker] o.s.s.web.DefaultSecurityFilterChain     : Will secure Ant [pattern='/swagger/**'] with []
2022-05-24 16:49:15.632  INFO 28958 --- [    Test worker] o.s.s.web.DefaultSecurityFilterChain     : Will not secure any request
2022-05-24 16:49:15.690  INFO 28958 --- [    Test worker] c.c.showbee.ShowbeeApplicationTests      : Started ShowbeeApplicationTests in 3.194 seconds (JVM running for 3.934)
]]></system-out>
  <system-err><![CDATA[]]></system-err>
</testsuite>
